21-Mar-2025 17:21:44.888 INFO [main] org.apache.catalina.startup.VersionLoggerListener.log Server version name:   Apache Tomcat/10.1.39
21-Mar-2025 17:21:44.890 INFO [main] org.apache.catalina.startup.VersionLoggerListener.log Server built:          Mar 4 2025 19:02:32 UTC
21-Mar-2025 17:21:44.890 INFO [main] org.apache.catalina.startup.VersionLoggerListener.log Server version number: 10.1.39.0
21-Mar-2025 17:21:44.890 INFO [main] org.apache.catalina.startup.VersionLoggerListener.log OS Name:               Mac OS X
21-Mar-2025 17:21:44.890 INFO [main] org.apache.catalina.startup.VersionLoggerListener.log OS Version:            15.2
21-Mar-2025 17:21:44.890 INFO [main] org.apache.catalina.startup.VersionLoggerListener.log Architecture:          aarch64
21-Mar-2025 17:21:44.890 INFO [main] org.apache.catalina.startup.VersionLoggerListener.log Java Home:             /Users/nguyenanh/Library/Java/JavaVirtualMachines/openjdk-22.0.2/Contents/Home
21-Mar-2025 17:21:44.890 INFO [main] org.apache.catalina.startup.VersionLoggerListener.log JVM Version:           22.0.2+9-70
21-Mar-2025 17:21:44.890 INFO [main] org.apache.catalina.startup.VersionLoggerListener.log JVM Vendor:            Oracle Corporation
21-Mar-2025 17:21:44.890 INFO [main] org.apache.catalina.startup.VersionLoggerListener.log CATALINA_BASE:         /Users/nguyenanh/NetBeansProjects/PrjDemo1
21-Mar-2025 17:21:44.890 INFO [main] org.apache.catalina.startup.VersionLoggerListener.log CATALINA_HOME:         /Users/nguyenanh/Documents/tomcat/apache-tomcat-10.1.39
21-Mar-2025 17:21:44.895 INFO [main] org.apache.catalina.startup.VersionLoggerListener.log Command line argument: --add-opens=java.base/java.lang=ALL-UNNAMED
21-Mar-2025 17:21:44.895 INFO [main] org.apache.catalina.startup.VersionLoggerListener.log Command line argument: --add-opens=java.base/java.io=ALL-UNNAMED
21-Mar-2025 17:21:44.895 INFO [main] org.apache.catalina.startup.VersionLoggerListener.log Command line argument: --add-opens=java.base/java.util=ALL-UNNAMED
21-Mar-2025 17:21:44.895 INFO [main] org.apache.catalina.startup.VersionLoggerListener.log Command line argument: --add-opens=java.base/java.util.concurrent=ALL-UNNAMED
21-Mar-2025 17:21:44.895 INFO [main] org.apache.catalina.startup.VersionLoggerListener.log Command line argument: --add-opens=java.rmi/sun.rmi.transport=ALL-UNNAMED
21-Mar-2025 17:21:44.895 INFO [main] org.apache.catalina.startup.VersionLoggerListener.log Command line argument: -Dcatalina.home=/Users/nguyenanh/Documents/tomcat/apache-tomcat-10.1.39
21-Mar-2025 17:21:44.895 INFO [main] org.apache.catalina.startup.VersionLoggerListener.log Command line argument: -Dcatalina.base=/Users/nguyenanh/NetBeansProjects/PrjDemo1
21-Mar-2025 17:21:44.895 INFO [main] org.apache.catalina.startup.VersionLoggerListener.log Command line argument: -Djava.io.tmpdir=/Users/nguyenanh/NetBeansProjects/PrjDemo1/temp
21-Mar-2025 17:21:44.895 INFO [main] org.apache.catalina.startup.VersionLoggerListener.log Command line argument: -Djava.util.logging.config.file=/Users/nguyenanh/NetBeansProjects/PrjDemo1/conf/logging.properties
21-Mar-2025 17:21:44.895 INFO [main] org.apache.catalina.startup.VersionLoggerListener.log Command line argument: -Djava.util.logging.manager=org.apache.juli.ClassLoaderLogManager
21-Mar-2025 17:21:44.895 INFO [main] org.apache.catalina.startup.VersionLoggerListener.log Command line argument: -javaagent:/Applications/IntelliJ IDEA CE.app/Contents/lib/idea_rt.jar=56646:/Applications/IntelliJ IDEA CE.app/Contents/bin
21-Mar-2025 17:21:44.895 INFO [main] org.apache.catalina.startup.VersionLoggerListener.log Command line argument: -Dfile.encoding=UTF-8
21-Mar-2025 17:21:44.895 INFO [main] org.apache.catalina.startup.VersionLoggerListener.log Command line argument: -Dsun.stdout.encoding=UTF-8
21-Mar-2025 17:21:44.895 INFO [main] org.apache.catalina.startup.VersionLoggerListener.log Command line argument: -Dsun.stderr.encoding=UTF-8
21-Mar-2025 17:21:44.900 INFO [main] org.apache.catalina.core.AprLifecycleListener.lifecycleEvent The Apache Tomcat Native library which allows using OpenSSL was not found on the java.library.path: [/Users/nguyenanh/Library/Java/Extensions:/Library/Java/Extensions:/Network/Library/Java/Extensions:/System/Library/Java/Extensions:/usr/lib/java:.]
21-Mar-2025 17:21:45.028 INFO [main] org.apache.coyote.AbstractProtocol.init Initializing ProtocolHandler ["http-nio-8080"]
21-Mar-2025 17:21:45.033 SEVERE [main] org.apache.catalina.util.LifecycleBase.handleSubClassException Failed to initialize component [Connector["http-nio-8080"]]
	org.apache.catalina.LifecycleException: Protocol handler initialization failed
		at org.apache.catalina.connector.Connector.initInternal(Connector.java:1051)
		at org.apache.catalina.util.LifecycleBase.init(LifecycleBase.java:122)
		at org.apache.catalina.core.StandardService.initInternal(StandardService.java:525)
		at org.apache.catalina.util.LifecycleBase.init(LifecycleBase.java:122)
		at org.apache.catalina.core.StandardServer.initInternal(StandardServer.java:957)
		at org.apache.catalina.util.LifecycleBase.init(LifecycleBase.java:122)
		at org.apache.catalina.startup.Catalina.load(Catalina.java:712)
		at org.apache.catalina.startup.Catalina.load(Catalina.java:735)
		at java.base/jdk.internal.reflect.DirectMethodHandleAccessor.invoke(DirectMethodHandleAccessor.java:103)
		at java.base/java.lang.reflect.Method.invoke(Method.java:580)
		at org.apache.catalina.startup.Bootstrap.load(Bootstrap.java:302)
		at org.apache.catalina.startup.Bootstrap.main(Bootstrap.java:472)
	Caused by: java.net.BindException: Address already in use
		at java.base/sun.nio.ch.Net.bind0(Native Method)
		at java.base/sun.nio.ch.Net.bind(Net.java:565)
		at java.base/sun.nio.ch.ServerSocketChannelImpl.netBind(ServerSocketChannelImpl.java:344)
		at java.base/sun.nio.ch.ServerSocketChannelImpl.bind(ServerSocketChannelImpl.java:301)
		at org.apache.tomcat.util.net.NioEndpoint.initServerSocket(NioEndpoint.java:239)
		at org.apache.tomcat.util.net.NioEndpoint.bind(NioEndpoint.java:194)
		at org.apache.tomcat.util.net.AbstractEndpoint.bindWithCleanup(AbstractEndpoint.java:1304)
		at org.apache.tomcat.util.net.AbstractEndpoint.init(AbstractEndpoint.java:1317)
		at org.apache.coyote.AbstractProtocol.init(AbstractProtocol.java:633)
		at org.apache.coyote.http11.AbstractHttp11Protocol.init(AbstractHttp11Protocol.java:82)
		at org.apache.catalina.connector.Connector.initInternal(Connector.java:1049)
		... 11 more
21-Mar-2025 17:21:45.033 INFO [main] org.apache.catalina.startup.Catalina.load Server initialization in [225] milliseconds
21-Mar-2025 17:21:45.049 INFO [main] org.apache.catalina.core.StandardService.startInternal Starting service [Catalina]
21-Mar-2025 17:21:45.050 INFO [main] org.apache.catalina.core.StandardEngine.startInternal Starting Servlet engine: [Apache Tomcat/10.1.39]
21-Mar-2025 17:21:45.053 INFO [main] org.apache.catalina.startup.HostConfig.deployDescriptor Deploying deployment descriptor [/Users/nguyenanh/NetBeansProjects/PrjDemo1/conf/Catalina/localhost/SP25_Demo_PRJ_W6.xml]
21-Mar-2025 17:21:45.058 WARNING [main] org.apache.catalina.startup.HostConfig.deployDescriptor The path attribute with value [/SP25_Demo_PRJ_W6] in deployment descriptor [/Users/nguyenanh/NetBeansProjects/PrjDemo1/conf/Catalina/localhost/SP25_Demo_PRJ_W6.xml] has been ignored
21-Mar-2025 17:21:45.071 SEVERE [main] org.apache.catalina.startup.HostConfig.deployDescriptor Error deploying deployment descriptor [/Users/nguyenanh/NetBeansProjects/PrjDemo1/conf/Catalina/localhost/SP25_Demo_PRJ_W6.xml]
	java.lang.IllegalStateException: Error starting child
		at org.apache.catalina.core.ContainerBase.addChildInternal(ContainerBase.java:602)
		at org.apache.catalina.core.ContainerBase.addChild(ContainerBase.java:571)
		at org.apache.catalina.core.StandardHost.addChild(StandardHost.java:654)
		at org.apache.catalina.startup.HostConfig.deployDescriptor(HostConfig.java:635)
		at org.apache.catalina.startup.HostConfig$DeployDescriptor.run(HostConfig.java:1889)
		at java.base/java.util.concurrent.Executors$RunnableAdapter.call(Executors.java:572)
		at java.base/java.util.concurrent.FutureTask.run(FutureTask.java:317)
		at org.apache.tomcat.util.threads.InlineExecutorService.execute(InlineExecutorService.java:75)
		at java.base/java.util.concurrent.AbstractExecutorService.submit(AbstractExecutorService.java:123)
		at org.apache.catalina.startup.HostConfig.deployDescriptors(HostConfig.java:530)
		at org.apache.catalina.startup.HostConfig.deployApps(HostConfig.java:421)
		at org.apache.catalina.startup.HostConfig.start(HostConfig.java:1629)
		at org.apache.catalina.startup.HostConfig.lifecycleEvent(HostConfig.java:303)
		at org.apache.catalina.util.LifecycleBase.fireLifecycleEvent(LifecycleBase.java:109)
		at org.apache.catalina.util.LifecycleBase.setStateInternal(LifecycleBase.java:389)
		at org.apache.catalina.util.LifecycleBase.setState(LifecycleBase.java:336)
		at org.apache.catalina.core.ContainerBase.startInternal(ContainerBase.java:776)
		at org.apache.catalina.core.StandardHost.startInternal(StandardHost.java:772)
		at org.apache.catalina.util.LifecycleBase.start(LifecycleBase.java:164)
		at org.apache.catalina.core.ContainerBase$StartChild.call(ContainerBase.java:1203)
		at org.apache.catalina.core.ContainerBase$StartChild.call(ContainerBase.java:1193)
		at java.base/java.util.concurrent.FutureTask.run(FutureTask.java:317)
		at org.apache.tomcat.util.threads.InlineExecutorService.execute(InlineExecutorService.java:75)
		at java.base/java.util.concurrent.AbstractExecutorService.submit(AbstractExecutorService.java:145)
		at org.apache.catalina.core.ContainerBase.startInternal(ContainerBase.java:749)
		at org.apache.catalina.core.StandardEngine.startInternal(StandardEngine.java:203)
		at org.apache.catalina.util.LifecycleBase.start(LifecycleBase.java:164)
		at org.apache.catalina.core.StandardService.startInternal(StandardService.java:415)
		at org.apache.catalina.util.LifecycleBase.start(LifecycleBase.java:164)
		at org.apache.catalina.core.StandardServer.startInternal(StandardServer.java:870)
		at org.apache.catalina.util.LifecycleBase.start(LifecycleBase.java:164)
		at org.apache.catalina.startup.Catalina.start(Catalina.java:761)
		at java.base/jdk.internal.reflect.DirectMethodHandleAccessor.invoke(DirectMethodHandleAccessor.java:103)
		at java.base/java.lang.reflect.Method.invoke(Method.java:580)
		at org.apache.catalina.startup.Bootstrap.start(Bootstrap.java:345)
		at org.apache.catalina.startup.Bootstrap.main(Bootstrap.java:473)
	Caused by: org.apache.catalina.LifecycleException: Failed to start component [org.apache.catalina.webresources.StandardRoot@7f284218]
		at org.apache.catalina.util.LifecycleBase.handleSubClassException(LifecycleBase.java:406)
		at org.apache.catalina.util.LifecycleBase.start(LifecycleBase.java:179)
		at org.apache.catalina.core.StandardContext.resourcesStart(StandardContext.java:4162)
		at org.apache.catalina.core.StandardContext.startInternal(StandardContext.java:4284)
		at org.apache.catalina.util.LifecycleBase.start(LifecycleBase.java:164)
		at org.apache.catalina.core.ContainerBase.addChildInternal(ContainerBase.java:599)
		... 35 more
	Caused by: java.lang.IllegalArgumentException: The main resource set specified [/Users/nguyenanh/NetBeansProjects/SP25_Demo_PRJ_W6/target/SP25_Demo_PRJ_W6-1.0-SNAPSHOT] is not a directory or war file, or is not readable (it does not exist or permissions to access it are missing)
		at org.apache.catalina.webresources.StandardRoot.createMainResourceSet(StandardRoot.java:761)
		at org.apache.catalina.webresources.StandardRoot.startInternal(StandardRoot.java:718)
		at org.apache.catalina.util.LifecycleBase.start(LifecycleBase.java:164)
		... 39 more
21-Mar-2025 17:21:45.071 INFO [main] org.apache.catalina.startup.HostConfig.deployDescriptor Deployment of deployment descriptor [/Users/nguyenanh/NetBeansProjects/PrjDemo1/conf/Catalina/localhost/SP25_Demo_PRJ_W6.xml] has finished in [18] ms
21-Mar-2025 17:21:45.071 INFO [main] org.apache.catalina.startup.HostConfig.deployDescriptor Deploying deployment descriptor [/Users/nguyenanh/NetBeansProjects/PrjDemo1/conf/Catalina/localhost/SP25_Demo_PRJ_W4.xml]
21-Mar-2025 17:21:45.071 WARNING [main] org.apache.catalina.startup.HostConfig.deployDescriptor The path attribute with value [/SP25_Demo_PRJ_W4] in deployment descriptor [/Users/nguyenanh/NetBeansProjects/PrjDemo1/conf/Catalina/localhost/SP25_Demo_PRJ_W4.xml] has been ignored
21-Mar-2025 17:21:45.073 SEVERE [main] org.apache.catalina.startup.HostConfig.deployDescriptor Error deploying deployment descriptor [/Users/nguyenanh/NetBeansProjects/PrjDemo1/conf/Catalina/localhost/SP25_Demo_PRJ_W4.xml]
	java.lang.IllegalStateException: Error starting child
		at org.apache.catalina.core.ContainerBase.addChildInternal(ContainerBase.java:602)
		at org.apache.catalina.core.ContainerBase.addChild(ContainerBase.java:571)
		at org.apache.catalina.core.StandardHost.addChild(StandardHost.java:654)
		at org.apache.catalina.startup.HostConfig.deployDescriptor(HostConfig.java:635)
		at org.apache.catalina.startup.HostConfig$DeployDescriptor.run(HostConfig.java:1889)
		at java.base/java.util.concurrent.Executors$RunnableAdapter.call(Executors.java:572)
		at java.base/java.util.concurrent.FutureTask.run(FutureTask.java:317)
		at org.apache.tomcat.util.threads.InlineExecutorService.execute(InlineExecutorService.java:75)
		at java.base/java.util.concurrent.AbstractExecutorService.submit(AbstractExecutorService.java:123)
		at org.apache.catalina.startup.HostConfig.deployDescriptors(HostConfig.java:530)
		at org.apache.catalina.startup.HostConfig.deployApps(HostConfig.java:421)
		at org.apache.catalina.startup.HostConfig.start(HostConfig.java:1629)
		at org.apache.catalina.startup.HostConfig.lifecycleEvent(HostConfig.java:303)
		at org.apache.catalina.util.LifecycleBase.fireLifecycleEvent(LifecycleBase.java:109)
		at org.apache.catalina.util.LifecycleBase.setStateInternal(LifecycleBase.java:389)
		at org.apache.catalina.util.LifecycleBase.setState(LifecycleBase.java:336)
		at org.apache.catalina.core.ContainerBase.startInternal(ContainerBase.java:776)
		at org.apache.catalina.core.StandardHost.startInternal(StandardHost.java:772)
		at org.apache.catalina.util.LifecycleBase.start(LifecycleBase.java:164)
		at org.apache.catalina.core.ContainerBase$StartChild.call(ContainerBase.java:1203)
		at org.apache.catalina.core.ContainerBase$StartChild.call(ContainerBase.java:1193)
		at java.base/java.util.concurrent.FutureTask.run(FutureTask.java:317)
		at org.apache.tomcat.util.threads.InlineExecutorService.execute(InlineExecutorService.java:75)
		at java.base/java.util.concurrent.AbstractExecutorService.submit(AbstractExecutorService.java:145)
		at org.apache.catalina.core.ContainerBase.startInternal(ContainerBase.java:749)
		at org.apache.catalina.core.StandardEngine.startInternal(StandardEngine.java:203)
		at org.apache.catalina.util.LifecycleBase.start(LifecycleBase.java:164)
		at org.apache.catalina.core.StandardService.startInternal(StandardService.java:415)
		at org.apache.catalina.util.LifecycleBase.start(LifecycleBase.java:164)
		at org.apache.catalina.core.StandardServer.startInternal(StandardServer.java:870)
		at org.apache.catalina.util.LifecycleBase.start(LifecycleBase.java:164)
		at org.apache.catalina.startup.Catalina.start(Catalina.java:761)
		at java.base/jdk.internal.reflect.DirectMethodHandleAccessor.invoke(DirectMethodHandleAccessor.java:103)
		at java.base/java.lang.reflect.Method.invoke(Method.java:580)
		at org.apache.catalina.startup.Bootstrap.start(Bootstrap.java:345)
		at org.apache.catalina.startup.Bootstrap.main(Bootstrap.java:473)
	Caused by: org.apache.catalina.LifecycleException: Failed to start component [org.apache.catalina.webresources.StandardRoot@723e88f9]
		at org.apache.catalina.util.LifecycleBase.handleSubClassException(LifecycleBase.java:406)
		at org.apache.catalina.util.LifecycleBase.start(LifecycleBase.java:179)
		at org.apache.catalina.core.StandardContext.resourcesStart(StandardContext.java:4162)
		at org.apache.catalina.core.StandardContext.startInternal(StandardContext.java:4284)
		at org.apache.catalina.util.LifecycleBase.start(LifecycleBase.java:164)
		at org.apache.catalina.core.ContainerBase.addChildInternal(ContainerBase.java:599)
		... 35 more
	Caused by: java.lang.IllegalArgumentException: The main resource set specified [/Users/nguyenanh/NetBeansProjects/SP25_Demo_PRJ_W4/target/SP25_Demo_PRJ_W4-1.0-SNAPSHOT] is not a directory or war file, or is not readable (it does not exist or permissions to access it are missing)
		at org.apache.catalina.webresources.StandardRoot.createMainResourceSet(StandardRoot.java:761)
		at org.apache.catalina.webresources.StandardRoot.startInternal(StandardRoot.java:718)
		at org.apache.catalina.util.LifecycleBase.start(LifecycleBase.java:164)
		... 39 more
21-Mar-2025 17:21:45.073 INFO [main] org.apache.catalina.startup.HostConfig.deployDescriptor Deployment of deployment descriptor [/Users/nguyenanh/NetBeansProjects/PrjDemo1/conf/Catalina/localhost/SP25_Demo_PRJ_W4.xml] has finished in [2] ms
21-Mar-2025 17:21:45.073 INFO [main] org.apache.catalina.startup.HostConfig.deployDescriptor Deploying deployment descriptor [/Users/nguyenanh/NetBeansProjects/PrjDemo1/conf/Catalina/localhost/SP25_Demo_PRJ_W5.xml]
21-Mar-2025 17:21:45.073 WARNING [main] org.apache.catalina.startup.HostConfig.deployDescriptor The path attribute with value [/SP25_Demo_PRJ_W5] in deployment descriptor [/Users/nguyenanh/NetBeansProjects/PrjDemo1/conf/Catalina/localhost/SP25_Demo_PRJ_W5.xml] has been ignored
21-Mar-2025 17:21:45.459 INFO [main] org.apache.jasper.servlet.TldScanner.scanJars At least one JAR was scanned for TLDs yet contained no TLDs. Enable debug logging for this logger for a complete list of JARs that were scanned but no TLDs were found in them. Skipping unneeded JARs during scanning can improve startup time and JSP compilation time.
21-Mar-2025 17:21:45.474 INFO [main] org.apache.catalina.startup.HostConfig.deployDescriptor Deployment of deployment descriptor [/Users/nguyenanh/NetBeansProjects/PrjDemo1/conf/Catalina/localhost/SP25_Demo_PRJ_W5.xml] has finished in [401] ms
21-Mar-2025 17:21:45.474 INFO [main] org.apache.catalina.startup.HostConfig.deployDescriptor Deploying deployment descriptor [/Users/nguyenanh/NetBeansProjects/PrjDemo1/conf/Catalina/localhost/login.xml]
21-Mar-2025 17:21:45.474 WARNING [main] org.apache.catalina.startup.HostConfig.deployDescriptor The path attribute with value [/login] in deployment descriptor [/Users/nguyenanh/NetBeansProjects/PrjDemo1/conf/Catalina/localhost/login.xml] has been ignored
21-Mar-2025 17:21:45.676 INFO [main] org.apache.jasper.servlet.TldScanner.scanJars At least one JAR was scanned for TLDs yet contained no TLDs. Enable debug logging for this logger for a complete list of JARs that were scanned but no TLDs were found in them. Skipping unneeded JARs during scanning can improve startup time and JSP compilation time.
21-Mar-2025 17:21:45.680 INFO [main] org.apache.catalina.startup.HostConfig.deployDescriptor Deployment of deployment descriptor [/Users/nguyenanh/NetBeansProjects/PrjDemo1/conf/Catalina/localhost/login.xml] has finished in [206] ms
21-Mar-2025 17:21:45.680 INFO [main] org.apache.catalina.startup.HostConfig.deployDescriptor Deploying deployment descriptor [/Users/nguyenanh/NetBeansProjects/PrjDemo1/conf/Catalina/localhost/demo1_1.xml]
21-Mar-2025 17:21:45.680 WARNING [main] org.apache.catalina.startup.HostConfig.deployDescriptor The path attribute with value [/demo1] in deployment descriptor [/Users/nguyenanh/NetBeansProjects/PrjDemo1/conf/Catalina/localhost/demo1_1.xml] has been ignored
21-Mar-2025 17:21:46.077 INFO [main] org.apache.jasper.servlet.TldScanner.scanJars At least one JAR was scanned for TLDs yet contained no TLDs. Enable debug logging for this logger for a complete list of JARs that were scanned but no TLDs were found in them. Skipping unneeded JARs during scanning can improve startup time and JSP compilation time.
21-Mar-2025 17:21:46.081 INFO [main] org.apache.catalina.startup.HostConfig.deployDescriptor Deployment of deployment descriptor [/Users/nguyenanh/NetBeansProjects/PrjDemo1/conf/Catalina/localhost/demo1_1.xml] has finished in [400] ms
21-Mar-2025 17:21:46.081 INFO [main] org.apache.catalina.startup.HostConfig.deployDescriptor Deploying deployment descriptor [/Users/nguyenanh/NetBeansProjects/PrjDemo1/conf/Catalina/localhost/JDBC_demo_web.xml]
21-Mar-2025 17:21:46.081 WARNING [main] org.apache.catalina.startup.HostConfig.deployDescriptor The path attribute with value [/JDBC_demo_web] in deployment descriptor [/Users/nguyenanh/NetBeansProjects/PrjDemo1/conf/Catalina/localhost/JDBC_demo_web.xml] has been ignored
21-Mar-2025 17:21:46.229 INFO [main] org.apache.jasper.servlet.TldScanner.scanJars At least one JAR was scanned for TLDs yet contained no TLDs. Enable debug logging for this logger for a complete list of JARs that were scanned but no TLDs were found in them. Skipping unneeded JARs during scanning can improve startup time and JSP compilation time.
21-Mar-2025 17:21:46.231 INFO [main] org.apache.catalina.startup.HostConfig.deployDescriptor Deployment of deployment descriptor [/Users/nguyenanh/NetBeansProjects/PrjDemo1/conf/Catalina/localhost/JDBC_demo_web.xml] has finished in [150] ms
21-Mar-2025 17:21:46.231 INFO [main] org.apache.catalina.startup.HostConfig.deployDescriptor Deploying deployment descriptor [/Users/nguyenanh/NetBeansProjects/PrjDemo1/conf/Catalina/localhost/PT1_PRJ_DE180721.xml]
21-Mar-2025 17:21:46.232 WARNING [main] org.apache.catalina.startup.HostConfig.deployDescriptor The path attribute with value [/PT1_PRJ_DE180721] in deployment descriptor [/Users/nguyenanh/NetBeansProjects/PrjDemo1/conf/Catalina/localhost/PT1_PRJ_DE180721.xml] has been ignored
21-Mar-2025 17:21:46.233 SEVERE [main] org.apache.catalina.startup.HostConfig.deployDescriptor Error deploying deployment descriptor [/Users/nguyenanh/NetBeansProjects/PrjDemo1/conf/Catalina/localhost/PT1_PRJ_DE180721.xml]
	java.lang.IllegalStateException: Error starting child
		at org.apache.catalina.core.ContainerBase.addChildInternal(ContainerBase.java:602)
		at org.apache.catalina.core.ContainerBase.addChild(ContainerBase.java:571)
		at org.apache.catalina.core.StandardHost.addChild(StandardHost.java:654)
		at org.apache.catalina.startup.HostConfig.deployDescriptor(HostConfig.java:635)
		at org.apache.catalina.startup.HostConfig$DeployDescriptor.run(HostConfig.java:1889)
		at java.base/java.util.concurrent.Executors$RunnableAdapter.call(Executors.java:572)
		at java.base/java.util.concurrent.FutureTask.run(FutureTask.java:317)
		at org.apache.tomcat.util.threads.InlineExecutorService.execute(InlineExecutorService.java:75)
		at java.base/java.util.concurrent.AbstractExecutorService.submit(AbstractExecutorService.java:123)
		at org.apache.catalina.startup.HostConfig.deployDescriptors(HostConfig.java:530)
		at org.apache.catalina.startup.HostConfig.deployApps(HostConfig.java:421)
		at org.apache.catalina.startup.HostConfig.start(HostConfig.java:1629)
		at org.apache.catalina.startup.HostConfig.lifecycleEvent(HostConfig.java:303)
		at org.apache.catalina.util.LifecycleBase.fireLifecycleEvent(LifecycleBase.java:109)
		at org.apache.catalina.util.LifecycleBase.setStateInternal(LifecycleBase.java:389)
		at org.apache.catalina.util.LifecycleBase.setState(LifecycleBase.java:336)
		at org.apache.catalina.core.ContainerBase.startInternal(ContainerBase.java:776)
		at org.apache.catalina.core.StandardHost.startInternal(StandardHost.java:772)
		at org.apache.catalina.util.LifecycleBase.start(LifecycleBase.java:164)
		at org.apache.catalina.core.ContainerBase$StartChild.call(ContainerBase.java:1203)
		at org.apache.catalina.core.ContainerBase$StartChild.call(ContainerBase.java:1193)
		at java.base/java.util.concurrent.FutureTask.run(FutureTask.java:317)
		at org.apache.tomcat.util.threads.InlineExecutorService.execute(InlineExecutorService.java:75)
		at java.base/java.util.concurrent.AbstractExecutorService.submit(AbstractExecutorService.java:145)
		at org.apache.catalina.core.ContainerBase.startInternal(ContainerBase.java:749)
		at org.apache.catalina.core.StandardEngine.startInternal(StandardEngine.java:203)
		at org.apache.catalina.util.LifecycleBase.start(LifecycleBase.java:164)
		at org.apache.catalina.core.StandardService.startInternal(StandardService.java:415)
		at org.apache.catalina.util.LifecycleBase.start(LifecycleBase.java:164)
		at org.apache.catalina.core.StandardServer.startInternal(StandardServer.java:870)
		at org.apache.catalina.util.LifecycleBase.start(LifecycleBase.java:164)
		at org.apache.catalina.startup.Catalina.start(Catalina.java:761)
		at java.base/jdk.internal.reflect.DirectMethodHandleAccessor.invoke(DirectMethodHandleAccessor.java:103)
		at java.base/java.lang.reflect.Method.invoke(Method.java:580)
		at org.apache.catalina.startup.Bootstrap.start(Bootstrap.java:345)
		at org.apache.catalina.startup.Bootstrap.main(Bootstrap.java:473)
	Caused by: org.apache.catalina.LifecycleException: Failed to start component [org.apache.catalina.webresources.StandardRoot@6042b613]
		at org.apache.catalina.util.LifecycleBase.handleSubClassException(LifecycleBase.java:406)
		at org.apache.catalina.util.LifecycleBase.start(LifecycleBase.java:179)
		at org.apache.catalina.core.StandardContext.resourcesStart(StandardContext.java:4162)
		at org.apache.catalina.core.StandardContext.startInternal(StandardContext.java:4284)
		at org.apache.catalina.util.LifecycleBase.start(LifecycleBase.java:164)
		at org.apache.catalina.core.ContainerBase.addChildInternal(ContainerBase.java:599)
		... 35 more
	Caused by: java.lang.IllegalArgumentException: The main resource set specified [/Users/nguyenanh/NetBeansProjects/PT1_PRJ_DE180721/target/PT1_PRJ_DE180721-1.0-SNAPSHOT] is not a directory or war file, or is not readable (it does not exist or permissions to access it are missing)
		at org.apache.catalina.webresources.StandardRoot.createMainResourceSet(StandardRoot.java:761)
		at org.apache.catalina.webresources.StandardRoot.startInternal(StandardRoot.java:718)
		at org.apache.catalina.util.LifecycleBase.start(LifecycleBase.java:164)
		... 39 more
21-Mar-2025 17:21:46.233 INFO [main] org.apache.catalina.startup.HostConfig.deployDescriptor Deployment of deployment descriptor [/Users/nguyenanh/NetBeansProjects/PrjDemo1/conf/Catalina/localhost/PT1_PRJ_DE180721.xml] has finished in [2] ms
21-Mar-2025 17:21:46.233 INFO [main] org.apache.catalina.startup.HostConfig.deployDescriptor Deploying deployment descriptor [/Users/nguyenanh/NetBeansProjects/PrjDemo1/conf/Catalina/localhost/Shopping.xml]
21-Mar-2025 17:21:46.233 WARNING [main] org.apache.catalina.startup.HostConfig.deployDescriptor The path attribute with value [/Shopping] in deployment descriptor [/Users/nguyenanh/NetBeansProjects/PrjDemo1/conf/Catalina/localhost/Shopping.xml] has been ignored
21-Mar-2025 17:21:46.394 INFO [main] org.apache.jasper.servlet.TldScanner.scanJars At least one JAR was scanned for TLDs yet contained no TLDs. Enable debug logging for this logger for a complete list of JARs that were scanned but no TLDs were found in them. Skipping unneeded JARs during scanning can improve startup time and JSP compilation time.
21-Mar-2025 17:21:46.396 INFO [main] org.apache.catalina.startup.HostConfig.deployDescriptor Deployment of deployment descriptor [/Users/nguyenanh/NetBeansProjects/PrjDemo1/conf/Catalina/localhost/Shopping.xml] has finished in [163] ms
21-Mar-2025 17:21:46.396 INFO [main] org.apache.catalina.startup.HostConfig.deployDescriptor Deploying deployment descriptor [/Users/nguyenanh/NetBeansProjects/PrjDemo1/conf/Catalina/localhost/mavenproject1.xml]
21-Mar-2025 17:21:46.397 WARNING [main] org.apache.catalina.startup.HostConfig.deployDescriptor The path attribute with value [/mavenproject1] in deployment descriptor [/Users/nguyenanh/NetBeansProjects/PrjDemo1/conf/Catalina/localhost/mavenproject1.xml] has been ignored
21-Mar-2025 17:21:46.410 INFO [main] org.apache.jasper.servlet.TldScanner.scanJars At least one JAR was scanned for TLDs yet contained no TLDs. Enable debug logging for this logger for a complete list of JARs that were scanned but no TLDs were found in them. Skipping unneeded JARs during scanning can improve startup time and JSP compilation time.
21-Mar-2025 17:21:46.411 INFO [main] org.apache.catalina.startup.HostConfig.deployDescriptor Deployment of deployment descriptor [/Users/nguyenanh/NetBeansProjects/PrjDemo1/conf/Catalina/localhost/mavenproject1.xml] has finished in [15] ms
21-Mar-2025 17:21:46.411 INFO [main] org.apache.catalina.startup.HostConfig.deployDescriptor Deploying deployment descriptor [/Users/nguyenanh/NetBeansProjects/PrjDemo1/conf/Catalina/localhost/Project_1.xml]
21-Mar-2025 17:21:46.411 WARNING [main] org.apache.catalina.startup.HostConfig.deployDescriptor The path attribute with value [/Project_1] in deployment descriptor [/Users/nguyenanh/NetBeansProjects/PrjDemo1/conf/Catalina/localhost/Project_1.xml] has been ignored
21-Mar-2025 17:21:46.550 INFO [main] org.apache.jasper.servlet.TldScanner.scanJars At least one JAR was scanned for TLDs yet contained no TLDs. Enable debug logging for this logger for a complete list of JARs that were scanned but no TLDs were found in them. Skipping unneeded JARs during scanning can improve startup time and JSP compilation time.
21-Mar-2025 17:21:46.553 INFO [main] org.apache.catalina.startup.HostConfig.deployDescriptor Deployment of deployment descriptor [/Users/nguyenanh/NetBeansProjects/PrjDemo1/conf/Catalina/localhost/Project_1.xml] has finished in [142] ms
21-Mar-2025 17:21:46.553 INFO [main] org.apache.catalina.startup.HostConfig.deployDescriptor Deploying deployment descriptor [/Users/nguyenanh/NetBeansProjects/PrjDemo1/conf/Catalina/localhost/Filter_JSP_Servlet.xml]
21-Mar-2025 17:21:46.553 WARNING [main] org.apache.catalina.startup.HostConfig.deployDescriptor The path attribute with value [/Filter_JSP_Servlet] in deployment descriptor [/Users/nguyenanh/NetBeansProjects/PrjDemo1/conf/Catalina/localhost/Filter_JSP_Servlet.xml] has been ignored
21-Mar-2025 17:21:46.566 INFO [main] org.apache.jasper.servlet.TldScanner.scanJars At least one JAR was scanned for TLDs yet contained no TLDs. Enable debug logging for this logger for a complete list of JARs that were scanned but no TLDs were found in them. Skipping unneeded JARs during scanning can improve startup time and JSP compilation time.
21-Mar-2025 17:21:46.567 INFO [main] org.apache.catalina.startup.HostConfig.deployDescriptor Deployment of deployment descriptor [/Users/nguyenanh/NetBeansProjects/PrjDemo1/conf/Catalina/localhost/Filter_JSP_Servlet.xml] has finished in [13] ms
21-Mar-2025 17:21:46.567 INFO [main] org.apache.catalina.startup.HostConfig.deployDescriptor Deploying deployment descriptor [/Users/nguyenanh/NetBeansProjects/PrjDemo1/conf/Catalina/localhost/demo_servlet_prj.xml]
21-Mar-2025 17:21:46.567 WARNING [main] org.apache.catalina.startup.HostConfig.deployDescriptor The path attribute with value [/demo_servlet_prj] in deployment descriptor [/Users/nguyenanh/NetBeansProjects/PrjDemo1/conf/Catalina/localhost/demo_servlet_prj.xml] has been ignored
21-Mar-2025 17:21:46.723 INFO [main] org.apache.jasper.servlet.TldScanner.scanJars At least one JAR was scanned for TLDs yet contained no TLDs. Enable debug logging for this logger for a complete list of JARs that were scanned but no TLDs were found in them. Skipping unneeded JARs during scanning can improve startup time and JSP compilation time.
21-Mar-2025 17:21:46.725 INFO [main] org.apache.catalina.startup.HostConfig.deployDescriptor Deployment of deployment descriptor [/Users/nguyenanh/NetBeansProjects/PrjDemo1/conf/Catalina/localhost/demo_servlet_prj.xml] has finished in [158] ms
21-Mar-2025 17:21:46.725 INFO [main] org.apache.catalina.startup.HostConfig.deployDescriptor Deploying deployment descriptor [/Users/nguyenanh/NetBeansProjects/PrjDemo1/conf/Catalina/localhost/SP25_DeMo_Lab3_PRJ.xml]
21-Mar-2025 17:21:46.726 WARNING [main] org.apache.catalina.startup.HostConfig.deployDescriptor The path attribute with value [/SP25_DeMo_Lab3_PRJ] in deployment descriptor [/Users/nguyenanh/NetBeansProjects/PrjDemo1/conf/Catalina/localhost/SP25_DeMo_Lab3_PRJ.xml] has been ignored
21-Mar-2025 17:21:46.726 SEVERE [main] org.apache.catalina.startup.HostConfig.deployDescriptor Error deploying deployment descriptor [/Users/nguyenanh/NetBeansProjects/PrjDemo1/conf/Catalina/localhost/SP25_DeMo_Lab3_PRJ.xml]
	java.lang.IllegalStateException: Error starting child
		at org.apache.catalina.core.ContainerBase.addChildInternal(ContainerBase.java:602)
		at org.apache.catalina.core.ContainerBase.addChild(ContainerBase.java:571)
		at org.apache.catalina.core.StandardHost.addChild(StandardHost.java:654)
		at org.apache.catalina.startup.HostConfig.deployDescriptor(HostConfig.java:635)
		at org.apache.catalina.startup.HostConfig$DeployDescriptor.run(HostConfig.java:1889)
		at java.base/java.util.concurrent.Executors$RunnableAdapter.call(Executors.java:572)
		at java.base/java.util.concurrent.FutureTask.run(FutureTask.java:317)
		at org.apache.tomcat.util.threads.InlineExecutorService.execute(InlineExecutorService.java:75)
		at java.base/java.util.concurrent.AbstractExecutorService.submit(AbstractExecutorService.java:123)
		at org.apache.catalina.startup.HostConfig.deployDescriptors(HostConfig.java:530)
		at org.apache.catalina.startup.HostConfig.deployApps(HostConfig.java:421)
		at org.apache.catalina.startup.HostConfig.start(HostConfig.java:1629)
		at org.apache.catalina.startup.HostConfig.lifecycleEvent(HostConfig.java:303)
		at org.apache.catalina.util.LifecycleBase.fireLifecycleEvent(LifecycleBase.java:109)
		at org.apache.catalina.util.LifecycleBase.setStateInternal(LifecycleBase.java:389)
		at org.apache.catalina.util.LifecycleBase.setState(LifecycleBase.java:336)
		at org.apache.catalina.core.ContainerBase.startInternal(ContainerBase.java:776)
		at org.apache.catalina.core.StandardHost.startInternal(StandardHost.java:772)
		at org.apache.catalina.util.LifecycleBase.start(LifecycleBase.java:164)
		at org.apache.catalina.core.ContainerBase$StartChild.call(ContainerBase.java:1203)
		at org.apache.catalina.core.ContainerBase$StartChild.call(ContainerBase.java:1193)
		at java.base/java.util.concurrent.FutureTask.run(FutureTask.java:317)
		at org.apache.tomcat.util.threads.InlineExecutorService.execute(InlineExecutorService.java:75)
		at java.base/java.util.concurrent.AbstractExecutorService.submit(AbstractExecutorService.java:145)
		at org.apache.catalina.core.ContainerBase.startInternal(ContainerBase.java:749)
		at org.apache.catalina.core.StandardEngine.startInternal(StandardEngine.java:203)
		at org.apache.catalina.util.LifecycleBase.start(LifecycleBase.java:164)
		at org.apache.catalina.core.StandardService.startInternal(StandardService.java:415)
		at org.apache.catalina.util.LifecycleBase.start(LifecycleBase.java:164)
		at org.apache.catalina.core.StandardServer.startInternal(StandardServer.java:870)
		at org.apache.catalina.util.LifecycleBase.start(LifecycleBase.java:164)
		at org.apache.catalina.startup.Catalina.start(Catalina.java:761)
		at java.base/jdk.internal.reflect.DirectMethodHandleAccessor.invoke(DirectMethodHandleAccessor.java:103)
		at java.base/java.lang.reflect.Method.invoke(Method.java:580)
		at org.apache.catalina.startup.Bootstrap.start(Bootstrap.java:345)
		at org.apache.catalina.startup.Bootstrap.main(Bootstrap.java:473)
	Caused by: org.apache.catalina.LifecycleException: Failed to start component [org.apache.catalina.webresources.StandardRoot@34953064]
		at org.apache.catalina.util.LifecycleBase.handleSubClassException(LifecycleBase.java:406)
		at org.apache.catalina.util.LifecycleBase.start(LifecycleBase.java:179)
		at org.apache.catalina.core.StandardContext.resourcesStart(StandardContext.java:4162)
		at org.apache.catalina.core.StandardContext.startInternal(StandardContext.java:4284)
		at org.apache.catalina.util.LifecycleBase.start(LifecycleBase.java:164)
		at org.apache.catalina.core.ContainerBase.addChildInternal(ContainerBase.java:599)
		... 35 more
	Caused by: java.lang.IllegalArgumentException: The main resource set specified [/Users/nguyenanh/NetBeansProjects/SP25_DeMo_Lab3_PRJ/target/SP25_DeMo_Lab3_PRJ-1.0-SNAPSHOT] is not a directory or war file, or is not readable (it does not exist or permissions to access it are missing)
		at org.apache.catalina.webresources.StandardRoot.createMainResourceSet(StandardRoot.java:761)
		at org.apache.catalina.webresources.StandardRoot.startInternal(StandardRoot.java:718)
		at org.apache.catalina.util.LifecycleBase.start(LifecycleBase.java:164)
		... 39 more
21-Mar-2025 17:21:46.727 INFO [main] org.apache.catalina.startup.HostConfig.deployDescriptor Deployment of deployment descriptor [/Users/nguyenanh/NetBeansProjects/PrjDemo1/conf/Catalina/localhost/SP25_DeMo_Lab3_PRJ.xml] has finished in [2] ms
21-Mar-2025 17:21:46.728 INFO [main] org.apache.catalina.startup.Catalina.start Server startup in [1694] milliseconds
21-Mar-2025 17:21:46.730 SEVERE [main] org.apache.catalina.core.StandardServer.await Failed to create server shutdown socket on address [localhost] and port [8005] (base port [8005] and offset [0])
	java.net.BindException: Address already in use
		at java.base/sun.nio.ch.Net.bind0(Native Method)
		at java.base/sun.nio.ch.Net.bind(Net.java:565)
		at java.base/sun.nio.ch.Net.bind(Net.java:554)
		at java.base/sun.nio.ch.NioSocketImpl.bind(NioSocketImpl.java:636)
		at java.base/java.net.ServerSocket.bind(ServerSocket.java:390)
		at java.base/java.net.ServerSocket.<init>(ServerSocket.java:277)
		at org.apache.catalina.core.StandardServer.await(StandardServer.java:533)
		at org.apache.catalina.startup.Catalina.await(Catalina.java:851)
		at org.apache.catalina.startup.Catalina.start(Catalina.java:799)
		at java.base/jdk.internal.reflect.DirectMethodHandleAccessor.invoke(DirectMethodHandleAccessor.java:103)
		at java.base/java.lang.reflect.Method.invoke(Method.java:580)
		at org.apache.catalina.startup.Bootstrap.start(Bootstrap.java:345)
		at org.apache.catalina.startup.Bootstrap.main(Bootstrap.java:473)
21-Mar-2025 17:21:46.731 INFO [main] org.apache.coyote.AbstractProtocol.pause Pausing ProtocolHandler ["http-nio-8080"]
21-Mar-2025 17:21:46.731 INFO [main] org.apache.catalina.core.StandardService.stopInternal Stopping service [Catalina]
21-Mar-2025 17:21:46.739 INFO [main] org.apache.coyote.AbstractProtocol.stop Stopping ProtocolHandler ["http-nio-8080"]
21-Mar-2025 17:21:46.740 INFO [main] org.apache.coyote.AbstractProtocol.destroy Destroying ProtocolHandler ["http-nio-8080"]
